# JRE version: OpenJDK Runtime Environment JBR-11.0.12.7-1504.40-jcef (11.0.12+7) (build 11.0.12+7-b1504.40)
# Java VM: OpenJDK 64-Bit Server VM JBR-11.0.12.7-1504.40-jcef (11.0.12+7-b1504.40, mixed mode, tiered, compressed oops, g1 gc, windows-amd64)
Heap:
 garbage-first heap   total 131072K, used 39717K [0x00000000a0800000, 0x0000000100000000)
  region size 1024K, 33 young (33792K), 1 survivors (1024K)
 Metaspace       used 22888K, capacity 23747K, committed 23936K, reserved 1071104K
  class space    used 2334K, capacity 2635K, committed 2688K, reserved 1048576K
GC Heap History (8 events):
Event: 1.390 GC heap before
{Heap before GC invocations=0 (full 0):
 garbage-first heap   total 131072K, used 15360K [0x00000000a0800000, 0x0000000100000000)
  region size 1024K, 14 young (14336K), 0 survivors (0K)
 Metaspace       used 11870K, capacity 12403K, committed 12544K, reserved 1060864K
  class space    used 1250K, capacity 1476K, committed 1536K, reserved 1048576K
}
Event: 1.432 GC heap after
{Heap after GC invocations=1 (full 0):
 garbage-first heap   total 131072K, used 4065K [0x00000000a0800000, 0x0000000100000000)
  region size 1024K, 2 young (2048K), 2 survivors (2048K)
 Metaspace       used 11870K, capacity 12403K, committed 12544K, reserved 1060864K
  class space    used 1250K, capacity 1476K, committed 1536K, reserved 1048576K
}
Event: 2.617 GC heap before
{Heap before GC invocations=1 (full 0):
 garbage-first heap   total 131072K, used 25569K [0x00000000a0800000, 0x0000000100000000)
  region size 1024K, 24 young (24576K), 2 survivors (2048K)
 Metaspace       used 20595K, capacity 21205K, committed 21296K, reserved 1069056K
  class space    used 2197K, capacity 2419K, committed 2432K, reserved 1048576K
}
Event: 2.625 GC heap after
{Heap after GC invocations=2 (full 0):
 garbage-first heap   total 131072K, used 7079K [0x00000000a0800000, 0x0000000100000000)
  region size 1024K, 5 young (5120K), 5 survivors (5120K)
 Metaspace       used 20595K, capacity 21205K, committed 21296K, reserved 1069056K
  class space    used 2197K, capacity 2419K, committed 2432K, reserved 1048576K
}
Event: 279.844 GC heap before
{Heap before GC invocations=3 (full 0):
 garbage-first heap   total 131072K, used 31655K [0x00000000a0800000, 0x0000000100000000)
  region size 1024K, 29 young (29696K), 5 survivors (5120K)
 Metaspace       used 22159K, capacity 22953K, committed 23088K, reserved 1069056K
  class space    used 2312K, capacity 2597K, committed 2688K, reserved 1048576K
}
Event: 279.851 GC heap after
{Heap after GC invocations=4 (full 0):
 garbage-first heap   total 131072K, used 7988K [0x00000000a0800000, 0x0000000100000000)
  region size 1024K, 1 young (1024K), 1 survivors (1024K)
 Metaspace       used 22159K, capacity 22953K, committed 23088K, reserved 1069056K
  class space    used 2312K, capacity 2597K, committed 2688K, reserved 1048576K
}
Event: 339.252 GC heap before
{Heap before GC invocations=4 (full 0):
 garbage-first heap   total 131072K, used 45876K [0x00000000a0800000, 0x0000000100000000)
  region size 1024K, 38 young (38912K), 1 survivors (1024K)
 Metaspace       used 22723K, capacity 23543K, committed 23680K, reserved 1071104K
  class space    used 2325K, capacity 2621K, committed 2688K, reserved 1048576K
}
Event: 339.254 GC heap after
{Heap after GC invocations=5 (full 0):
 garbage-first heap   total 131072K, used 7973K [0x00000000a0800000, 0x0000000100000000)
  region size 1024K, 1 young (1024K), 1 survivors (1024K)
 Metaspace       used 22723K, capacity 23543K, committed 23680K, reserved 1071104K
  class space    used 2325K, capacity 2621K, committed 2688K, reserved 1048576K
}

